<?xml version="1.0" encoding="UTF-8"?>
<testng-results ignored="0" total="1" passed="1" failed="0" skipped="0">
  <reporter-output>
  </reporter-output>
  <suite started-at="2023-12-15T08:15:05 IST" name="Suite" finished-at="2023-12-15T08:15:13 IST" duration-ms="7107">
    <groups>
    </groups>
    <test started-at="2023-12-15T08:15:05 IST" name="Test" finished-at="2023-12-15T08:15:13 IST" duration-ms="7107">
      <class name="setup.demo">
        <test-method signature="openFaceboobApp()[pri:0, instance:setup.demo@18d87d80]" started-at="2023-12-15T08:15:06 IST" name="openFaceboobApp" finished-at="2023-12-15T08:15:13 IST" duration-ms="7058" status="PASS">
          <reporter-output>
          </reporter-output>
        </test-method> <!-- openFaceboobApp -->
      </class> <!-- setup.demo -->
    </test> <!-- Test -->
  </suite> <!-- Suite -->
</testng-results>
